<?xml version="1.0" encoding="UTF-8"?>
<testsuite xmlns:xsi="http://www.w3.org/2001/XMLSchema-instance" xsi:noNamespaceSchemaLocation="https://maven.apache.org/surefire/maven-surefire-plugin/xsd/surefire-test-report.xsd" name="sale.ljw.CreateJWTTest" time="32.188" tests="2" errors="0" skipped="0" failures="0">
  <properties>
[...]
</properties>
  <testcase name="createJWT" classname="sale.ljw.CreateJWTTest" time="1.45"/>
  <testcase name="parseJwt" classname="sale.ljw.CreateJWTTest" time="0.017"/>
</testsuite>